----------------------------User: o0982271   SID: 51----------------------------
2015 July 11, Saturday, 09:01:58
>da
 SESSION PATH OPEN TO: TIPB                                                     
                                                                                

A       AVAIL                                                                   
B       AVAIL                                                                   
C       AVAIL                                                                   
D       AVAIL                                                                   
E       AVAIL                                                                   
PID   = 10077   HARDCOPY  = 1112                                                
TIME =  0857    DATE =  11JUL     HOST = CAAC/B                                 
AIRLINE = CA    SYSTEM =  D790B1  APPLICATION =  1                              
                                                                                

2015 July 11, Saturday, 09:02:26
>SI
PEK099  SIGNED IN A                                                             
LAST SI PID10077 /PEK099 AT 1006   10JUL15                                    
*************订座系统停机通知******************                                 
  为进行主机系统维护,订座生产系统将于2015年                                     
  07月12日00:00:00到2015年7月12日01:30:00                                       
  进行计划停机,请您提前做好准备工作,由此给                                      
  您造成的不便,敬请谅解.如有不明,请致电:中                                      
  国航信在线支持中心010-84018401                                                
*************离港系统停机通知******************                                 
  为进行主机系统维护,离港生产系统将于2015年                                     
  07月14日00:30:00到2015年07月14日01:00:00                                      
  进行计划停机,请您提前做好准备工作,由此给                                      
     +                                                                          