---------------------------User: chengchen   SID: 55---------------------------
2015 September 22, Tuesday, 16:43:42
>DA
A*      22150   19SEP   1622    9   PEK099                                      
B       AVAIL                                                                   
C       AVAIL                                                                   
D       AVAIL                                                                   
E       AVAIL                                                                   
PID   = 15792   HARDCOPY  = 1112                                                
TIME =  1645    DATE =  19SEP     HOST = CAAC                                   
AIRLINE = CA    SYSTEM =  TST_D1  APPLICATION =  1    

2015 September 22, Tuesday, 16:47:25
>DETR:TN 999-2373235918 
 DETR:TN 999-2373235918                                                        
ISSUED BY: AIR CHINA                 ORG/DST: PEK/CTU                 ARL-D     
E/R: 不得签转,改期退票收费                                                      
TOUR CODE:                                                                    GP
PASSENGER: 张大鸣                                                               
EXCH:                               CONJ TKT:                                   
O FM:1PEK CA    1425  H 10SEP 1700 OK H95GP            /19SEP6 20K OPEN FOR USE 
     T3T2 RL:NHG43P  /                                                          
  TO: CTU                                                                       
FC: 22SEP15PEK CA CTU1280.00CNY1280.00END%*GP                                   
FARE:           CNY 1280.00|FOP:CASH(CNY) *GP                                   
TAX:            CNY 50.00CN|OI:                                                +
                                                                                

2015 September 22, Tuesday, 16:47:30
>DA
A*      22150   19SEP   1622    9   PEK112                                      
B       AVAIL                                                                   
C       AVAIL                                                                   
D       AVAIL                                                                   
E       AVAIL                                                                   
PID   = 15792   HARDCOPY  = 1112                                                
TIME =  1649    DATE =  19SEP     HOST = CAAC                                   
AIRLINE = CA    SYSTEM =  TST_D1  APPLICATION =  1                              
                                                                                

2015 September 22, Tuesday, 16:47:38
>TSU 1/OPEN
ACCEPTED  


2015 September 22, Tuesday, 16:47:30
>DA
A*      22150   19SEP   1622    9   PEK112                                      
B       AVAIL                                                                   
C       AVAIL                                                                   
D       AVAIL                                                                   
E       AVAIL                                                                   
PID   = 15792   HARDCOPY  = 1112                                                
TIME =  1649    DATE =  19SEP     HOST = CAAC                                   
AIRLINE = CA    SYSTEM =  TST_D1  APPLICATION =  1  

2015 September 22, Tuesday, 16:47:30
>DA
A*      22150   19SEP   1622    9   PEK112                                      
B       AVAIL                                                                   
C       AVAIL                                                                   
D       AVAIL                                                                   
E       AVAIL                                                                   
PID   = 15792   HARDCOPY  = 1112                                                
TIME =  1649    DATE =  19SEP     HOST = CAAC                                   
AIRLINE = CA    SYSTEM =  TST_D1  APPLICATION =  1           