---------------------------User: chengchen   SID: 55---------------------------
2015 September 22, Tuesday, 16:27:58
>detr tn 9997639699731  
 DETR:TN 9997639699731                                                         
ISSUED BY: WORLDSPAN                 ORG/DST: IAH/IAH                 ARL-I     
E/R: Q/NONEND.CHNG.CNL.PNLTY.APLY                                               
TOUR CODE: US5A89                                                               
PASSENGER: CE/SHI                                                       
EXCH:                               CONJ TKT:                                   
O FM:1IAH CA     996  U 09NOV 0005 OK UTPSEA                       OPEN FOR USE 
     --T3 RL:MKC41Y  /2IV8IH1P                                                  
X TO:2PEK CA    1831  U 10NOV 0730 OK UTPSEA                       OPEN FOR USE 
     T3T2 RL:MKC41Y  /2IV8IH1P                                                  
O TO:3SHA CA    1590  U 26NOV 0855 OK UTPSEA           /02MAY6     OPEN FOR USE 
     T2T3 RL:MKC41Y  /2IV8IH1P

2015 September 22, Tuesday, 16:28:00
>detr tn 9997639699731  
 DETR:TN 9997639699731                                                         
ISSUED BY: WORLDSPAN                 ORG/DST: IAH/IAH                 ARL-I     
E/R: Q/NONEND.CHNG.CNL.PNLTY.APLY                                               
TOUR CODE: US5A89                                                               
PASSENGER: CE/SHI                                                        
EXCH:                               CONJ TKT:                                   
O FM:1IAH CA     996  U 09NOV 0005 OK UTPSEA                       OPEN FOR USE 
     --T3 RL:MKC41Y  /2IV8IH1P                                                  
X TO:2PEK CA    1831  U 10NOV 0730 OK UTPSEA                       OPEN FOR USE 
     T3T2 RL:MKC41Y  /2IV8IH1P                                                  
O TO:3SHA CA    1590  U 26NOV 0855 OK UTPSEA           /02MAY6     OPEN FOR USE 
     T2T3 RL:MKC41Y  /2IV8IH1P         

2015 September 22, Tuesday, 16:28:04
>TSU NM:CE/CE
ACCEPTED


2015 September 22, Tuesday, 16:28:20
>detr tn 9997639699731  
 DETR:TN 9997639699731                                                         
ISSUED BY: WORLDSPAN                 ORG/DST: IAH/IAH                 ARL-I     
E/R: Q/NONEND.CHNG.CNL.PNLTY.APLY                                               
TOUR CODE: US5A89                                                               
PASSENGER: CE/CE                                                       
EXCH:                               CONJ TKT:                                   
O FM:1IAH CA     996  U 09NOV 0005 OK UTPSEA                       OPEN FOR USE 
     --T3 RL:MKC41Y  /2IV8IH1P                                                  
X TO:2PEK CA    1831  U 10NOV 0730 OK UTPSEA                       OPEN FOR USE 
     T3T2 RL:MKC41Y  /2IV8IH1P                                                  
O TO:3SHA CA    1590  U 26NOV 0855 OK UTPSEA           /02MAY6     OPEN FOR USE 
     T2T3 RL:MKC41Y  /2IV8IH1P         


2015 September 22, Tuesday, 16:47:30
>DA
A*      22150   19SEP   1622    9   PEK112                                      
B       AVAIL                                                                   
C       AVAIL                                                                   
D       AVAIL                                                                   
E       AVAIL                                                                   
PID   = 15792   HARDCOPY  = 1112                                                
TIME =  1649    DATE =  19SEP     HOST = CAAC                                   
AIRLINE = CA    SYSTEM =  TST_D1  APPLICATION =  1  

2015 September 22, Tuesday, 16:47:30
>DA
A*      22150   19SEP   1622    9   PEK112                                      
B       AVAIL                                                                   
C       AVAIL                                                                   
D       AVAIL                                                                   
E       AVAIL                                                                   
PID   = 15792   HARDCOPY  = 1112                                                
TIME =  1649    DATE =  19SEP     HOST = CAAC                                   
AIRLINE = CA    SYSTEM =  TST_D1  APPLICATION =  1  
