---------------------------User: chengchen   SID: 55---------------------------
2015 September 22, Tuesday, 16:51:00
>detr tn 9992385847565 
 DETR:TN 9992385847565                                                         
ISSUED BY: AIR CHINA                 ORG/DST: PEK/SHA                 ARL-D     
E/R: DF                                                                         
TOUR CODE:                                                                      
PASSENGER: LI/JIAN                                                              
EXCH:                               CONJ TKT:                                   
O FM:1PEK CA    1831  A 23SEP 0730 OK A/CA1T1514               40K OPEN FOR USE 
     T3T2 RL:MEJYLJ  /                                                          
  TO: SHA                                                                       
FC:M 23SEP15PEK CA SHA2230.00CNY2230.00END                                    
FARE:           CNY 2230.00|FOP:CC/ M16225581370187382                          
TAX:            CNY 50.00CN|OI:       

2015 September 22, Tuesday, 16:51:16
>RT MEJYLJ 
   *THIS PNR WAS ENTIRELY CANCELLED*                                            
008     PEK112 22150 0853 19SEP IK                                              
     X1.DAI/CHAO(001) X2.LI/JIAN(001) MEJYLJ                                    
001 X3.  CA1831 A   WE23SEP  PEKSHA XX2   0730 0940      E T3T2                 
       NN(001)  HK(001)  RR(004)  XX(008)                                       
001 X4.18600580321                                                              
005 X5.T                                                                        
007 X6.SSR SEAT CA XX1 PEKSHA 1831 A23SEP 13AN/P1/RS                            
       HK(007)   XX(008)                                                        
007 X7.SSR SEAT CA XX1 PEKSHA 1831 A23SEP 13CN/P2/RS                            
       HK(007)   XX(008)      

2015 September 22, Tuesday, 16:51:55
>TSU 1/OPEN
ACCEPTED


2015 September 22, Tuesday, 16:47:30
>DA
A*      22150   19SEP   1622    9   PEK112                                      
B       AVAIL                                                                   
C       AVAIL                                                                   
D       AVAIL                                                                   
E       AVAIL                                                                   
PID   = 15792   HARDCOPY  = 1112                                                
TIME =  1649    DATE =  19SEP     HOST = CAAC                                   
AIRLINE = CA    SYSTEM =  TST_D1  APPLICATION =  1  

2015 September 22, Tuesday, 16:47:30
>DA
A*      22150   19SEP   1622    9   PEK112                                      
B       AVAIL                                                                   
C       AVAIL                                                                   
D       AVAIL                                                                   
E       AVAIL                                                                   
PID   = 15792   HARDCOPY  = 1112                                                
TIME =  1649    DATE =  19SEP     HOST = CAAC                                   
AIRLINE = CA    SYSTEM =  TST_D1  APPLICATION =  1           